<?xml version="1.0" encoding="UTF-8"?>
<testng-results ignored="0" total="1" passed="1" failed="0" skipped="0">
  <reporter-output>
  </reporter-output>
  <suite started-at="2023-11-22T00:30:43 IST" name="Default suite" finished-at="2023-11-22T00:30:45 IST" duration-ms="1888">
    <groups>
    </groups>
    <test started-at="2023-11-22T00:30:43 IST" name="Default test" finished-at="2023-11-22T00:30:45 IST" duration-ms="1888">
      <class name="gp.service.ApiTest">
        <test-method signature="ApiTest()[pri:0, instance:gp.service.ApiTest@e350b40]" started-at="2023-11-22T00:30:43 IST" name="ApiTest" finished-at="2023-11-22T00:30:45 IST" duration-ms="1847" status="PASS">
          <reporter-output>
          </reporter-output>
        </test-method> <!-- ApiTest -->
      </class> <!-- gp.service.ApiTest -->
    </test> <!-- Default test -->
  </suite> <!-- Default suite -->
</testng-results>
